<?xml version="1.0" encoding="UTF-8"?>
<!-- Generated by org.testng.reporters.JUnitReportReporter -->
<testsuite hostname="DESKTOP-D5JILAE" failures="0" tests="4" name="com.qa.Testscripts.SitaTest" time="25.192" errors="0" timestamp="2024-06-04T14:14:13 IST" skipped="0">
  <testcase classname="com.qa.Testscripts.SitaTest" name="Sita_Home_page" time="0.569"/>
  <testcase classname="com.qa.Testscripts.SitaTest" name="Explore_more" time="2.956"/>
  <testcase classname="com.qa.Testscripts.SitaTest" name="Explore_more_page" time="10.726"/>
  <testcase classname="com.qa.Testscripts.SitaTest" name="Reservation_page" time="10.941"/>
</testsuite> <!-- com.qa.Testscripts.SitaTest -->
